# JRE version: OpenJDK Runtime Environment (15.0.1+9) (build 15.0.1+9-18)
# Java VM: OpenJDK 64-Bit Server VM (15.0.1+9-18, mixed mode, sharing, tiered, compressed oops, g1 gc, windows-amd64)
GC Precious Log:
 CPUs: 16 total, 16 available
 Memory: 16335M
 Large Page Support: Disabled
 NUMA Support: Disabled
 Compressed Oops: Enabled (Zero based)
 Heap Region Size: 2M
 Heap Min Capacity: 8M
 Heap Initial Capacity: 256M
 Heap Max Capacity: 4084M
 Pre-touch: Disabled
 Parallel Workers: 13
 Concurrent Workers: 3
 Concurrent Refinement Workers: 13
 Periodic GC: Disabled
Heap:
 garbage-first heap   total 49152K, used 12695K [0x0000000700c00000, 0x0000000800000000)
  region size 2048K, 3 young (6144K), 2 survivors (4096K)
 Metaspace       used 28402K, capacity 28695K, committed 28848K, reserved 1075200K
  class space    used 3387K, capacity 3486K, committed 3584K, reserved 1048576K
GC Heap History (10 events):
Event: 0.520 GC heap before
{Heap before GC invocations=0 (full 0):
 garbage-first heap   total 262144K, used 22528K [0x0000000700c00000, 0x0000000800000000)
  region size 2048K, 11 young (22528K), 0 survivors (0K)
 Metaspace       used 5982K, capacity 7717K, committed 7808K, reserved 1056768K
  class space    used 678K, capacity 845K, committed 896K, reserved 1048576K
}
Event: 0.524 GC heap after
{Heap after GC invocations=1 (full 0):
 garbage-first heap   total 262144K, used 4854K [0x0000000700c00000, 0x0000000800000000)
  region size 2048K, 2 young (4096K), 2 survivors (4096K)
 Metaspace       used 5982K, capacity 7717K, committed 7808K, reserved 1056768K
  class space    used 678K, capacity 845K, committed 896K, reserved 1048576K
}
Event: 0.759 GC heap before
{Heap before GC invocations=1 (full 0):
 garbage-first heap   total 262144K, used 27382K [0x0000000700c00000, 0x0000000800000000)
  region size 2048K, 14 young (28672K), 2 survivors (4096K)
 Metaspace       used 11993K, capacity 12571K, committed 12800K, reserved 1060864K
  class space    used 1408K, capacity 1461K, committed 1536K, reserved 1048576K
}
Event: 0.762 GC heap after
{Heap after GC invocations=2 (full 0):
 garbage-first heap   total 262144K, used 6178K [0x0000000700c00000, 0x0000000800000000)
  region size 2048K, 1 young (2048K), 1 survivors (2048K)
 Metaspace       used 11993K, capacity 12571K, committed 12800K, reserved 1060864K
  class space    used 1408K, capacity 1461K, committed 1536K, reserved 1048576K
}
Event: 1.517 GC heap before
{Heap before GC invocations=2 (full 0):
 garbage-first heap   total 262144K, used 57378K [0x0000000700c00000, 0x0000000800000000)
  region size 2048K, 27 young (55296K), 1 survivors (2048K)
 Metaspace       used 20839K, capacity 21124K, committed 21296K, reserved 1069056K
  class space    used 2510K, capacity 2614K, committed 2688K, reserved 1048576K
}
Event: 1.521 GC heap after
{Heap after GC invocations=3 (full 0):
 garbage-first heap   total 262144K, used 9289K [0x0000000700c00000, 0x0000000800000000)
  region size 2048K, 3 young (6144K), 3 survivors (6144K)
 Metaspace       used 20839K, capacity 21124K, committed 21296K, reserved 1069056K
  class space    used 2510K, capacity 2614K, committed 2688K, reserved 1048576K
}
Event: 1.860 GC heap before
{Heap before GC invocations=4 (full 0):
 garbage-first heap   total 49152K, used 33865K [0x0000000700c00000, 0x0000000800000000)
  region size 2048K, 15 young (30720K), 3 survivors (6144K)
 Metaspace       used 24102K, capacity 24412K, committed 24752K, reserved 1071104K
  class space    used 2863K, capacity 2978K, committed 3072K, reserved 1048576K
}
Event: 1.864 GC heap after
{Heap after GC invocations=5 (full 0):
 garbage-first heap   total 49152K, used 11111K [0x0000000700c00000, 0x0000000800000000)
  region size 2048K, 2 young (4096K), 2 survivors (4096K)
 Metaspace       used 24102K, capacity 24412K, committed 24752K, reserved 1071104K
  class space    used 2863K, capacity 2978K, committed 3072K, reserved 1048576K
}
Event: 2.277 GC heap before
{Heap before GC invocations=5 (full 0):
 garbage-first heap   total 49152K, used 29543K [0x0000000700c00000, 0x0000000800000000)
  region size 2048K, 11 young (22528K), 2 survivors (4096K)
 Metaspace       used 28179K, capacity 28503K, committed 28848K, reserved 1075200K
  class space    used 3373K, capacity 3486K, committed 3584K, reserved 1048576K
}
Event: 2.279 GC heap after
{Heap after GC invocations=6 (full 0):
 garbage-first heap   total 49152K, used 12695K [0x0000000700c00000, 0x0000000800000000)
  region size 2048K, 2 young (4096K), 2 survivors (4096K)
 Metaspace       used 28179K, capacity 28503K, committed 28848K, reserved 1075200K
  class space    used 3373K, capacity 3486K, committed 3584K, reserved 1048576K
}

