# JRE version: OpenJDK Runtime Environment (11.0.10+9) (build 11.0.10+9-Ubuntu-0ubuntu1.20.04)
# Java VM: OpenJDK 64-Bit Server VM (11.0.10+9-Ubuntu-0ubuntu1.20.04, mixed mode, sharing, tiered, compressed oops, g1 gc, linux-amd64)
Heap:
 garbage-first heap   total 258048K, used 31636K [0x0000000707600000, 0x0000000800000000)
  region size 1024K, 12 young (12288K), 1 survivors (1024K)
 Metaspace       used 40773K, capacity 42281K, committed 42444K, reserved 1085440K
  class space    used 5170K, capacity 5797K, committed 5836K, reserved 1048576K
GC Heap History (20 events):
Event: 209,765 GC heap before
{Heap before GC invocations=12 (full 0):
 garbage-first heap   total 258048K, used 168592K [0x0000000707600000, 0x0000000800000000)
  region size 1024K, 150 young (153600K), 6 survivors (6144K)
 Metaspace       used 40615K, capacity 42140K, committed 42444K, reserved 1085440K
  class space    used 5169K, capacity 5795K, committed 5836K, reserved 1048576K
}
Event: 209,769 GC heap after
{Heap after GC invocations=13 (full 0):
 garbage-first heap   total 258048K, used 21012K [0x0000000707600000, 0x0000000800000000)
  region size 1024K, 6 young (6144K), 6 survivors (6144K)
 Metaspace       used 40615K, capacity 42140K, committed 42444K, reserved 1085440K
  class space    used 5169K, capacity 5795K, committed 5836K, reserved 1048576K
}
Event: 210,105 GC heap before
{Heap before GC invocations=13 (full 0):
 garbage-first heap   total 258048K, used 168468K [0x0000000707600000, 0x0000000800000000)
  region size 1024K, 150 young (153600K), 6 survivors (6144K)
 Metaspace       used 40617K, capacity 42140K, committed 42444K, reserved 1085440K
  class space    used 5169K, capacity 5795K, committed 5836K, reserved 1048576K
}
Event: 210,108 GC heap after
{Heap after GC invocations=14 (full 0):
 garbage-first heap   total 258048K, used 21138K [0x0000000707600000, 0x0000000800000000)
  region size 1024K, 6 young (6144K), 6 survivors (6144K)
 Metaspace       used 40617K, capacity 42140K, committed 42444K, reserved 1085440K
  class space    used 5169K, capacity 5795K, committed 5836K, reserved 1048576K
}
Event: 210,443 GC heap before
{Heap before GC invocations=14 (full 0):
 garbage-first heap   total 258048K, used 168594K [0x0000000707600000, 0x0000000800000000)
  region size 1024K, 150 young (153600K), 6 survivors (6144K)
 Metaspace       used 40617K, capacity 42140K, committed 42444K, reserved 1085440K
  class space    used 5169K, capacity 5795K, committed 5836K, reserved 1048576K
}
Event: 210,447 GC heap after
{Heap after GC invocations=15 (full 0):
 garbage-first heap   total 258048K, used 21138K [0x0000000707600000, 0x0000000800000000)
  region size 1024K, 6 young (6144K), 6 survivors (6144K)
 Metaspace       used 40617K, capacity 42140K, committed 42444K, reserved 1085440K
  class space    used 5169K, capacity 5795K, committed 5836K, reserved 1048576K
}
Event: 210,782 GC heap before
{Heap before GC invocations=15 (full 0):
 garbage-first heap   total 258048K, used 168594K [0x0000000707600000, 0x0000000800000000)
  region size 1024K, 150 young (153600K), 6 survivors (6144K)
 Metaspace       used 40617K, capacity 42140K, committed 42444K, reserved 1085440K
  class space    used 5169K, capacity 5795K, committed 5836K, reserved 1048576K
}
Event: 210,785 GC heap after
{Heap after GC invocations=16 (full 0):
 garbage-first heap   total 258048K, used 21010K [0x0000000707600000, 0x0000000800000000)
  region size 1024K, 6 young (6144K), 6 survivors (6144K)
 Metaspace       used 40617K, capacity 42140K, committed 42444K, reserved 1085440K
  class space    used 5169K, capacity 5795K, committed 5836K, reserved 1048576K
}
Event: 211,123 GC heap before
{Heap before GC invocations=16 (full 0):
 garbage-first heap   total 258048K, used 168466K [0x0000000707600000, 0x0000000800000000)
  region size 1024K, 150 young (153600K), 6 survivors (6144K)
 Metaspace       used 40617K, capacity 42140K, committed 42444K, reserved 1085440K
  class space    used 5169K, capacity 5795K, committed 5836K, reserved 1048576K
}
Event: 211,126 GC heap after
{Heap after GC invocations=17 (full 0):
 garbage-first heap   total 258048K, used 21009K [0x0000000707600000, 0x0000000800000000)
  region size 1024K, 6 young (6144K), 6 survivors (6144K)
 Metaspace       used 40617K, capacity 42140K, committed 42444K, reserved 1085440K
  class space    used 5169K, capacity 5795K, committed 5836K, reserved 1048576K
}
Event: 211,467 GC heap before
{Heap before GC invocations=17 (full 0):
 garbage-first heap   total 258048K, used 168465K [0x0000000707600000, 0x0000000800000000)
  region size 1024K, 150 young (153600K), 6 survivors (6144K)
 Metaspace       used 40618K, capacity 42140K, committed 42444K, reserved 1085440K
  class space    used 5169K, capacity 5795K, committed 5836K, reserved 1048576K
}
Event: 211,471 GC heap after
{Heap after GC invocations=18 (full 0):
 garbage-first heap   total 258048K, used 21007K [0x0000000707600000, 0x0000000800000000)
  region size 1024K, 6 young (6144K), 6 survivors (6144K)
 Metaspace       used 40618K, capacity 42140K, committed 42444K, reserved 1085440K
  class space    used 5169K, capacity 5795K, committed 5836K, reserved 1048576K
}
Event: 342,951 GC heap before
{Heap before GC invocations=18 (full 0):
 garbage-first heap   total 258048K, used 168463K [0x0000000707600000, 0x0000000800000000)
  region size 1024K, 150 young (153600K), 6 survivors (6144K)
 Metaspace       used 40699K, capacity 42153K, committed 42444K, reserved 1085440K
  class space    used 5170K, capacity 5797K, committed 5836K, reserved 1048576K
}
Event: 342,969 GC heap after
{Heap after GC invocations=19 (full 0):
 garbage-first heap   total 258048K, used 20640K [0x0000000707600000, 0x0000000800000000)
  region size 1024K, 5 young (5120K), 5 survivors (5120K)
 Metaspace       used 40699K, capacity 42153K, committed 42444K, reserved 1085440K
  class space    used 5170K, capacity 5797K, committed 5836K, reserved 1048576K
}
Event: 343,493 GC heap before
{Heap before GC invocations=19 (full 0):
 garbage-first heap   total 258048K, used 169120K [0x0000000707600000, 0x0000000800000000)
  region size 1024K, 150 young (153600K), 5 survivors (5120K)
 Metaspace       used 40699K, capacity 42153K, committed 42444K, reserved 1085440K
  class space    used 5170K, capacity 5797K, committed 5836K, reserved 1048576K
}
Event: 343,515 GC heap after
{Heap after GC invocations=20 (full 0):
 garbage-first heap   total 258048K, used 20886K [0x0000000707600000, 0x0000000800000000)
  region size 1024K, 6 young (6144K), 6 survivors (6144K)
 Metaspace       used 40699K, capacity 42153K, committed 42444K, reserved 1085440K
  class space    used 5170K, capacity 5797K, committed 5836K, reserved 1048576K
}
Event: 343,885 GC heap before
{Heap before GC invocations=20 (full 0):
 garbage-first heap   total 258048K, used 168342K [0x0000000707600000, 0x0000000800000000)
  region size 1024K, 150 young (153600K), 6 survivors (6144K)
 Metaspace       used 40699K, capacity 42153K, committed 42444K, reserved 1085440K
  class space    used 5170K, capacity 5797K, committed 5836K, reserved 1048576K
}
Event: 343,890 GC heap after
{Heap after GC invocations=21 (full 0):
 garbage-first heap   total 258048K, used 21111K [0x0000000707600000, 0x0000000800000000)
  region size 1024K, 4 young (4096K), 4 survivors (4096K)
 Metaspace       used 40699K, capacity 42153K, committed 42444K, reserved 1085440K
  class space    used 5170K, capacity 5797K, committed 5836K, reserved 1048576K
}
Event: 411,938 GC heap before
{Heap before GC invocations=21 (full 0):
 garbage-first heap   total 258048K, used 170615K [0x0000000707600000, 0x0000000800000000)
  region size 1024K, 150 young (153600K), 4 survivors (4096K)
 Metaspace       used 40773K, capacity 42281K, committed 42444K, reserved 1085440K
  class space    used 5170K, capacity 5797K, committed 5836K, reserved 1048576K
}
Event: 411,942 GC heap after
{Heap after GC invocations=22 (full 0):
 garbage-first heap   total 258048K, used 21396K [0x0000000707600000, 0x0000000800000000)
  region size 1024K, 1 young (1024K), 1 survivors (1024K)
 Metaspace       used 40773K, capacity 42281K, committed 42444K, reserved 1085440K
  class space    used 5170K, capacity 5797K, committed 5836K, reserved 1048576K
}

